<?xml version="1.0" encoding="UTF-8"?>
<!-- Generated by org.testng.reporters.JUnitReportReporter -->
<testsuite hostname="DESKTOP-2JJITRJ" failures="0" tests="3" name="com.api.basics.DynamicJson" time="3.961" errors="0" timestamp="2021-10-05T20:46:07 IST" skipped="0">
  <testcase classname="com.api.basics.DynamicJson" name="addBook" time="0.161"/>
  <system-out/>
  <testcase classname="com.api.basics.DynamicJson" name="addBook" time="0.161"/>
  <system-out/>
  <testcase classname="com.api.basics.DynamicJson" name="addBook" time="3.639"/>
  <system-out/>
</testsuite> <!-- com.api.basics.DynamicJson -->
