<?xml version="1.0" encoding="UTF-8"?>
<!-- Generated by org.testng.reporters.JUnitReportReporter -->
<testsuite hostname="DESKTOP-2JJITRJ" failures="0" tests="1" name="com.api.basics.SumValidation" time="2.195" errors="0" timestamp="2021-10-04T12:43:53 IST" skipped="0">
  <testcase classname="com.api.basics.SumValidation" name="sumOfCourses" time="2.195"/>
  <system-out/>
</testsuite> <!-- com.api.basics.SumValidation -->
